<?xml version="1.0" encoding="UTF-8"?>
<testng-results ignored="0" total="1" passed="1" failed="0" skipped="0">
  <reporter-output>
  </reporter-output>
  <suite started-at="2019-09-20T17:21:44Z" name="Default suite" finished-at="2019-09-20T17:21:58Z" duration-ms="13973">
    <groups>
    </groups>
    <test started-at="2019-09-20T17:21:44Z" name="Default test" finished-at="2019-09-20T17:21:58Z" duration-ms="13973">
      <class name="webDriverManagerTest.WebDriverManagerRun">
        <test-method is-config="true" signature="setUp()[pri:0, instance:webDriverManagerTest.WebDriverManagerRun@6a2f6f80]" started-at="2019-09-20T17:21:44Z" name="setUp" finished-at="2019-09-20T17:21:47Z" duration-ms="3094" status="PASS">
          <reporter-output>
          </reporter-output>
        </test-method> <!-- setUp -->
        <test-method signature="goToMSNBCDotcom()[pri:0, instance:webDriverManagerTest.WebDriverManagerRun@6a2f6f80]" started-at="2019-09-20T17:21:47Z" name="goToMSNBCDotcom" finished-at="2019-09-20T17:21:57Z" duration-ms="10227" status="PASS">
          <reporter-output>
          </reporter-output>
        </test-method> <!-- goToMSNBCDotcom -->
        <test-method is-config="true" signature="tearDown()[pri:0, instance:webDriverManagerTest.WebDriverManagerRun@6a2f6f80]" started-at="2019-09-20T17:21:57Z" name="tearDown" finished-at="2019-09-20T17:21:58Z" duration-ms="638" status="PASS">
          <reporter-output>
          </reporter-output>
        </test-method> <!-- tearDown -->
      </class> <!-- webDriverManagerTest.WebDriverManagerRun -->
    </test> <!-- Default test -->
  </suite> <!-- Default suite -->
</testng-results>
